\BOOKMARK [1][-]{section.1}{\376\377\137\025\212\000}{}% 1
\BOOKMARK [1][-]{section.2}{\376\377\145\160\143\156\226\306\116\016\145\160\143\156\135\345\172\013}{}% 2
\BOOKMARK [2][-]{subsection.2.1}{\376\377\145\160\143\156\147\145\156\220}{section.2}% 3
\BOOKMARK [2][-]{subsection.2.2}{\376\377\230\204\131\004\164\006\116\016\150\007\154\350\176\337\116\000}{section.2}% 4
\BOOKMARK [2][-]{subsection.2.3}{\376\377\145\160\143\156\226\306\176\337\213\241}{section.2}% 5
\BOOKMARK [2][-]{subsection.2.4}{\376\377\165\050\116\216\155\210\207\215\133\236\232\214\166\204\116\011\122\006\116\113\116\000\133\120\226\306}{section.2}% 6
\BOOKMARK [1][-]{section.3}{\376\377\152\041\127\213\147\266\147\204}{}% 7
\BOOKMARK [2][-]{subsection.3.1}{\376\377\000P\000i\000c\000o\000D\000e\000t\000-\000S}{section.3}% 8
\BOOKMARK [2][-]{subsection.3.2}{\376\377\000Y\000O\000L\000O\000v\0003\000-\000M\000o\000b\000i\000l\000e\000N\000e\000t\000V\0001}{section.3}% 9
\BOOKMARK [2][-]{subsection.3.3}{\376\377\147\266\147\204\133\371\153\324}{section.3}% 10
\BOOKMARK [1][-]{section.4}{\376\377\133\236\232\214\213\276\213\241}{}% 11
\BOOKMARK [2][-]{subsection.4.1}{\376\377\176\277\140\047\177\051\145\076\211\304\122\031}{section.4}% 12
\BOOKMARK [2][-]{subsection.4.2}{\376\377\133\236\232\214\167\351\226\065}{section.4}% 13
\BOOKMARK [3][-]{subsubsection.4.2.1}{\376\377\000P\000i\000c\000o\000D\000e\000t\000-\000S\377\010\000L\000\040\174\373\122\027\377\014\121\150\221\317\145\160\143\156\377\011}{subsection.4.2}% 14
\BOOKMARK [3][-]{subsubsection.4.2.2}{\376\377\000Y\000O\000L\000O\000v\0003\377\010\000Y\000\040\174\373\122\027\377\014\123\357\123\330\145\160\143\156\211\304\152\041\377\011}{subsection.4.2}% 15
\BOOKMARK [2][-]{subsection.4.3}{\376\377\127\372\170\100\213\276\145\275}{section.4}% 16
\BOOKMARK [2][-]{subsection.4.4}{\376\377\213\304\117\060\123\117\213\256}{section.4}% 17
\BOOKMARK [1][-]{section.5}{\376\377\176\323\147\234\116\016\122\006\147\220}{}% 18
\BOOKMARK [2][-]{subsection.5.1}{\376\377\121\153\176\304\217\320\210\114\176\323\147\234\154\107\140\073}{section.5}% 19
\BOOKMARK [2][-]{subsection.5.2}{\376\377\000P\000i\000c\000o\000D\000e\000t\000-\000S\377\032\133\146\116\140\146\362\176\277\116\016\217\307\142\337\124\010}{section.5}% 20
\BOOKMARK [2][-]{subsection.5.3}{\376\377\000P\000i\000c\000o\000D\000e\000t\000-\000S\000\040\155\210\207\215\377\032\142\171\221\317\131\047\134\017\060\001\000G\000P\000U\000\040\145\160\221\317\116\016\213\255\176\303\145\366\225\177}{section.5}% 21
\BOOKMARK [2][-]{subsection.5.4}{\376\377\000Y\000O\000L\000O\000v\0003\377\032\145\160\143\156\211\304\152\041\145\110\136\224}{section.5}% 22
\BOOKMARK [2][-]{subsection.5.5}{\376\377\000Y\000O\000L\000O\000v\0003\000\040\145\066\145\133\146\362\176\277}{section.5}% 23
\BOOKMARK [2][-]{subsection.5.6}{\376\377\215\350\152\041\127\213\133\371\153\324\377\032\174\276\136\246\040\024\145\110\163\207\147\103\210\141}{section.5}% 24
\BOOKMARK [2][-]{subsection.5.7}{\376\377\213\255\176\303\145\110\163\207}{section.5}% 25
\BOOKMARK [1][-]{section.6}{\376\377\171\373\122\250\172\357\220\350\177\162}{}% 26
\BOOKMARK [2][-]{subsection.6.1}{\376\377\133\374\121\372\155\101\172\013}{section.6}% 27
\BOOKMARK [2][-]{subsection.6.2}{\376\377\000Y\000O\000L\000O\000v\0003\000\040\220\350\177\162\226\276\160\271}{section.6}% 28
\BOOKMARK [2][-]{subsection.6.3}{\376\377\217\355\116\343\117\030\123\026\201\363\000\040\0001\0004\000F\000P\000S}{section.6}% 29
\BOOKMARK [1][-]{section.7}{\376\377\124\016\176\355\135\345\117\134}{}% 30
\BOOKMARK [2][-]{subsection.7.1}{\376\377\000A\000\040\176\304\377\032\152\041\127\213\177\051\145\076}{section.7}% 31
\BOOKMARK [2][-]{subsection.7.2}{\376\377\000B\000\040\176\304\377\032\000Y\000O\000L\000O\000v\0003\000\040\145\066\145\133\145\071\217\333}{section.7}% 32
\BOOKMARK [2][-]{subsection.7.3}{\376\377\000C\000\040\176\304\377\032\123\213\177\051\155\101\172\013}{section.7}% 33
\BOOKMARK [2][-]{subsection.7.4}{\376\377\143\250\203\120\117\030\121\110\176\247}{section.7}% 34
\BOOKMARK [1][-]{section.8}{\376\377\176\323\213\272}{}% 35
